..................#########..........
..................#.......#..........
#########.........#.......#..........
#.................#.......#..........
#.......#####.....#.......#..........
#.......#...#.....#.......#..........
#.......#.##O#####O####...#..........
#.......#.#.#.....#...#...#..........
#...####O#O##.....####O###O####......
#...#...#.#...........#...#...#......
#.##O###O#O##.........#####...#......
#.#.#...#.#.#.................#......
##O##...#.#.#.................#......
..#.....#.#.#.................#......
..#.....##O##.................#......
..#.......#...................#......
..#.......#.................##O######
..#.......#.................#.#.....#
..#########.................#.#.....#
............................#.#.....#
......###########.........##O##.....#
......#.........#.........#.#.......#
......#.......##O##.......#.#.......#
......#.......#.#.#.......#.#.......#
......#####...#.#.#.......##O########
..........#...#.#.#.........#........
......^###O####.#.#.........#........
..........#.....#.#.........#........
..........#.....##O##########........
..........#.......#..................
..........#.......#..................
..........#.......#..................
..........#########..................
R,8,L,4,R,4,R,10,R,8,R,8,L,4,R,4,R,10,R,8,L,12,L,12,R,8,R,8,R,10,R,4,R,4,L,12,L,12,R,8,R,8,R,10,R,4,R,4,L,12,L,12,R,8,R,8,R,10,R,4,R,4,R,10,R,4,R,4,R,8,L,4,R,4,R,10,R,8